2023-10-24 11:32:43.5091||DEBUG|Microsoft.Extensions.Hosting.Internal.Host|Hosting starting 
2023-10-24 11:32:43.5995||INFO|Microsoft.AspNetCore.DataProtection.KeyManagement.XmlKeyManager|User profile is available. Using '/home/kollibroman/.aspnet/DataProtection-Keys' as key repository; keys will not be encrypted at rest. 
2023-10-24 11:32:43.6403||DEBUG|Microsoft.AspNetCore.DataProtection.Repositories.FileSystemXmlRepository|Reading data from file '/home/kollibroman/.aspnet/DataProtection-Keys/key-1e83f217-6038-4fd9-8ba3-01a364e66f1e.xml'. 
2023-10-24 11:32:43.6499||DEBUG|Microsoft.AspNetCore.DataProtection.KeyManagement.XmlKeyManager|Found key {1e83f217-6038-4fd9-8ba3-01a364e66f1e}. 
2023-10-24 11:32:43.6698||DEBUG|Microsoft.AspNetCore.DataProtection.KeyManagement.DefaultKeyResolver|Considering key {1e83f217-6038-4fd9-8ba3-01a364e66f1e} with expiration date 2024-01-01 20:17:45Z as default key. 
2023-10-24 11:32:43.6734||DEBUG|Microsoft.AspNetCore.DataProtection.TypeForwardingActivator|Forwarded activator type request from Microsoft.AspNetCore.DataProtection.AuthenticatedEncryption.ConfigurationModel.AuthenticatedEncryptorDescriptorDeserializer, Microsoft.AspNetCore.DataProtection, Version=7.0.0.0, Culture=neutral, PublicKeyToken=adb9793829ddae60 to Microsoft.AspNetCore.DataProtection.AuthenticatedEncryption.ConfigurationModel.AuthenticatedEncryptorDescriptorDeserializer, Microsoft.AspNetCore.DataProtection, Culture=neutral, PublicKeyToken=adb9793829ddae60 
2023-10-24 11:32:43.6780||DEBUG|Microsoft.AspNetCore.DataProtection.AuthenticatedEncryption.ManagedAuthenticatedEncryptorFactory|Using managed symmetric algorithm 'System.Security.Cryptography.Aes'. 
2023-10-24 11:32:43.6780||DEBUG|Microsoft.AspNetCore.DataProtection.AuthenticatedEncryption.ManagedAuthenticatedEncryptorFactory|Using managed keyed hash algorithm 'System.Security.Cryptography.HMACSHA256'. 
2023-10-24 11:32:43.6908||DEBUG|Microsoft.AspNetCore.DataProtection.KeyManagement.KeyRingProvider|Using key {1e83f217-6038-4fd9-8ba3-01a364e66f1e} as the default key. 
2023-10-24 11:32:43.6929||DEBUG|Microsoft.AspNetCore.DataProtection.Internal.DataProtectionHostedService|Key ring with default key {1e83f217-6038-4fd9-8ba3-01a364e66f1e} was loaded during application startup. 
2023-10-24 11:32:43.9057||DEBUG|Microsoft.EntityFrameworkCore.Infrastructure|An 'IServiceProvider' was created for internal use by Entity Framework. 
2023-10-24 11:32:44.8865||WARN|Microsoft.EntityFrameworkCore.Model.Validation|No store type was specified for the decimal property 'Price' on entity type 'Dish'. This will cause values to be silently truncated if they do not fit in the default precision and scale. Explicitly specify the SQL server column type that can accommodate all the values in 'OnModelCreating' using 'HasColumnType', specify precision and scale using 'HasPrecision', or configure a value converter using 'HasConversion'. 
2023-10-24 11:32:45.1165||DEBUG|Microsoft.EntityFrameworkCore.Infrastructure|Entity Framework Core 7.0.11 initialized 'RestaurantDbContext' using provider 'Microsoft.EntityFrameworkCore.SqlServer:7.0.11' with options: None 
2023-10-24 11:32:45.1413||DEBUG|Microsoft.EntityFrameworkCore.Database.Connection|Creating DbConnection. 
2023-10-24 11:32:45.1868||DEBUG|Microsoft.EntityFrameworkCore.Database.Connection|Created DbConnection. (42ms). 
2023-10-24 11:32:45.1908||DEBUG|Microsoft.EntityFrameworkCore.Database.Connection|Opening connection to database 'RestaurantDb' on server 'localhost'. 
2023-10-24 11:32:45.9813||DEBUG|Microsoft.EntityFrameworkCore.Database.Connection|Opened connection to database 'RestaurantDb' on server 'localhost'. 
2023-10-24 11:32:45.9894||DEBUG|Microsoft.EntityFrameworkCore.Database.Command|Creating DbCommand for 'ExecuteNonQuery'. 
2023-10-24 11:32:45.9997||DEBUG|Microsoft.EntityFrameworkCore.Database.Command|Created DbCommand for 'ExecuteNonQuery' (6ms). 
2023-10-24 11:32:46.0234||DEBUG|Microsoft.EntityFrameworkCore.Database.Command|Initialized DbCommand for 'ExecuteNonQuery' (14ms). 
2023-10-24 11:32:46.0404||DEBUG|Microsoft.EntityFrameworkCore.Database.Command|Executing DbCommand [Parameters=[], CommandType='Text', CommandTimeout='30']
SELECT 1 
2023-10-24 11:32:46.0808||INFO|Microsoft.EntityFrameworkCore.Database.Command|Executed DbCommand (48ms) [Parameters=[], CommandType='Text', CommandTimeout='30']
SELECT 1 
2023-10-24 11:32:46.0844||DEBUG|Microsoft.EntityFrameworkCore.Database.Connection|Closing connection to database 'RestaurantDb' on server 'localhost'. 
2023-10-24 11:32:46.0993||DEBUG|Microsoft.EntityFrameworkCore.Database.Connection|Closed connection to database 'RestaurantDb' on server 'localhost' (8ms). 
2023-10-24 11:32:46.1143||DEBUG|Microsoft.EntityFrameworkCore.Database.Connection|Opening connection to database 'RestaurantDb' on server 'localhost'. 
2023-10-24 11:32:46.1159||DEBUG|Microsoft.EntityFrameworkCore.Database.Connection|Opened connection to database 'RestaurantDb' on server 'localhost'. 
2023-10-24 11:32:46.1166||DEBUG|Microsoft.EntityFrameworkCore.Database.Command|Creating DbCommand for 'ExecuteNonQuery'. 
2023-10-24 11:32:46.1166||DEBUG|Microsoft.EntityFrameworkCore.Database.Command|Created DbCommand for 'ExecuteNonQuery' (0ms). 
2023-10-24 11:32:46.1166||DEBUG|Microsoft.EntityFrameworkCore.Database.Command|Initialized DbCommand for 'ExecuteNonQuery' (0ms). 
2023-10-24 11:32:46.1166||DEBUG|Microsoft.EntityFrameworkCore.Database.Command|Executing DbCommand [Parameters=[], CommandType='Text', CommandTimeout='30']
SELECT 1 
2023-10-24 11:32:46.1197||INFO|Microsoft.EntityFrameworkCore.Database.Command|Executed DbCommand (2ms) [Parameters=[], CommandType='Text', CommandTimeout='30']
SELECT 1 
2023-10-24 11:32:46.1197||DEBUG|Microsoft.EntityFrameworkCore.Database.Connection|Closing connection to database 'RestaurantDb' on server 'localhost'. 
2023-10-24 11:32:46.1205||DEBUG|Microsoft.EntityFrameworkCore.Database.Connection|Closed connection to database 'RestaurantDb' on server 'localhost' (0ms). 
2023-10-24 11:32:46.1262||DEBUG|Microsoft.EntityFrameworkCore.Database.Command|Creating DbCommand for 'ExecuteScalar'. 
2023-10-24 11:32:46.1264||DEBUG|Microsoft.EntityFrameworkCore.Database.Command|Created DbCommand for 'ExecuteScalar' (0ms). 
2023-10-24 11:32:46.1264||DEBUG|Microsoft.EntityFrameworkCore.Database.Command|Initialized DbCommand for 'ExecuteScalar' (0ms). 
2023-10-24 11:32:46.1264||DEBUG|Microsoft.EntityFrameworkCore.Database.Connection|Opening connection to database 'RestaurantDb' on server 'localhost'. 
2023-10-24 11:32:46.1264||DEBUG|Microsoft.EntityFrameworkCore.Database.Connection|Opened connection to database 'RestaurantDb' on server 'localhost'. 
2023-10-24 11:32:46.1279||DEBUG|Microsoft.EntityFrameworkCore.Database.Command|Executing DbCommand [Parameters=[], CommandType='Text', CommandTimeout='30']
SELECT OBJECT_ID(N'[__EFMigrationsHistory]'); 
2023-10-24 11:32:46.1590||INFO|Microsoft.EntityFrameworkCore.Database.Command|Executed DbCommand (31ms) [Parameters=[], CommandType='Text', CommandTimeout='30']
SELECT OBJECT_ID(N'[__EFMigrationsHistory]'); 
2023-10-24 11:32:46.1590||DEBUG|Microsoft.EntityFrameworkCore.Database.Connection|Closing connection to database 'RestaurantDb' on server 'localhost'. 
2023-10-24 11:32:46.1599||DEBUG|Microsoft.EntityFrameworkCore.Database.Connection|Closed connection to database 'RestaurantDb' on server 'localhost' (0ms). 
2023-10-24 11:32:46.1946||DEBUG|Microsoft.EntityFrameworkCore.Database.Command|Creating DbCommand for 'ExecuteReader'. 
2023-10-24 11:32:46.1946||DEBUG|Microsoft.EntityFrameworkCore.Database.Command|Created DbCommand for 'ExecuteReader' (0ms). 
2023-10-24 11:32:46.1946||DEBUG|Microsoft.EntityFrameworkCore.Database.Command|Initialized DbCommand for 'ExecuteReader' (0ms). 
2023-10-24 11:32:46.1946||DEBUG|Microsoft.EntityFrameworkCore.Database.Connection|Opening connection to database 'RestaurantDb' on server 'localhost'. 
2023-10-24 11:32:46.1955||DEBUG|Microsoft.EntityFrameworkCore.Database.Connection|Opened connection to database 'RestaurantDb' on server 'localhost'. 
2023-10-24 11:32:46.1965||DEBUG|Microsoft.EntityFrameworkCore.Database.Command|Executing DbCommand [Parameters=[], CommandType='Text', CommandTimeout='30']
SELECT [MigrationId], [ProductVersion]
FROM [__EFMigrationsHistory]
ORDER BY [MigrationId]; 
2023-10-24 11:32:46.2105||INFO|Microsoft.EntityFrameworkCore.Database.Command|Executed DbCommand (14ms) [Parameters=[], CommandType='Text', CommandTimeout='30']
SELECT [MigrationId], [ProductVersion]
FROM [__EFMigrationsHistory]
ORDER BY [MigrationId]; 
2023-10-24 11:32:46.2156||DEBUG|Microsoft.EntityFrameworkCore.Database.Command|Closing data reader to 'RestaurantDb' on server 'localhost'. 
2023-10-24 11:32:46.2181||DEBUG|Microsoft.EntityFrameworkCore.Database.Command|A data reader for 'RestaurantDb' on server 'localhost' is being disposed after spending 4ms reading results. 
2023-10-24 11:32:46.2192||DEBUG|Microsoft.EntityFrameworkCore.Database.Connection|Closing connection to database 'RestaurantDb' on server 'localhost'. 
2023-10-24 11:32:46.2195||DEBUG|Microsoft.EntityFrameworkCore.Database.Connection|Closed connection to database 'RestaurantDb' on server 'localhost' (0ms). 
2023-10-24 11:32:46.3162||DEBUG|Microsoft.EntityFrameworkCore.Query|Compiling query expression: 
'DbSet<Role>()
    .Any()' 
2023-10-24 11:32:46.5950||DEBUG|Microsoft.EntityFrameworkCore.Query|Generated query execution expression: 
'queryContext => new SingleQueryingEnumerable<bool>(
    (RelationalQueryContext)queryContext, 
    RelationalCommandCache.QueryExpression(
        Projection Mapping:
            EmptyProjectionMember -> 0
        SELECT EXISTS (
            SELECT 1
            FROM Roles AS r)), 
    null, 
    Func<QueryContext, DbDataReader, ResultContext, SingleQueryResultCoordinator, bool>, 
    RestaurantAPI.Entities.RestaurantDbContext, 
    False, 
    False, 
    True
)
    .Single()' 
2023-10-24 11:32:46.6403||DEBUG|Microsoft.EntityFrameworkCore.Database.Command|Creating DbCommand for 'ExecuteReader'. 
2023-10-24 11:32:46.6406||DEBUG|Microsoft.EntityFrameworkCore.Database.Command|Created DbCommand for 'ExecuteReader' (0ms). 
2023-10-24 11:32:46.6406||DEBUG|Microsoft.EntityFrameworkCore.Database.Command|Initialized DbCommand for 'ExecuteReader' (0ms). 
2023-10-24 11:32:46.6406||DEBUG|Microsoft.EntityFrameworkCore.Database.Connection|Opening connection to database 'RestaurantDb' on server 'localhost'. 
2023-10-24 11:32:46.6406||DEBUG|Microsoft.EntityFrameworkCore.Database.Connection|Opened connection to database 'RestaurantDb' on server 'localhost'. 
2023-10-24 11:32:46.6406||DEBUG|Microsoft.EntityFrameworkCore.Database.Command|Executing DbCommand [Parameters=[], CommandType='Text', CommandTimeout='30']
SELECT CASE
    WHEN EXISTS (
        SELECT 1
        FROM [Roles] AS [r]) THEN CAST(1 AS bit)
    ELSE CAST(0 AS bit)
END 
2023-10-24 11:32:46.6687||INFO|Microsoft.EntityFrameworkCore.Database.Command|Executed DbCommand (27ms) [Parameters=[], CommandType='Text', CommandTimeout='30']
SELECT CASE
    WHEN EXISTS (
        SELECT 1
        FROM [Roles] AS [r]) THEN CAST(1 AS bit)
    ELSE CAST(0 AS bit)
END 
2023-10-24 11:32:46.6730||DEBUG|Microsoft.EntityFrameworkCore.Database.Command|Closing data reader to 'RestaurantDb' on server 'localhost'. 
2023-10-24 11:32:46.6730||DEBUG|Microsoft.EntityFrameworkCore.Database.Command|A data reader for 'RestaurantDb' on server 'localhost' is being disposed after spending 4ms reading results. 
2023-10-24 11:32:46.6735||DEBUG|Microsoft.EntityFrameworkCore.Database.Connection|Closing connection to database 'RestaurantDb' on server 'localhost'. 
2023-10-24 11:32:46.6735||DEBUG|Microsoft.EntityFrameworkCore.Database.Connection|Closed connection to database 'RestaurantDb' on server 'localhost' (0ms). 
2023-10-24 11:32:46.6753||DEBUG|Microsoft.EntityFrameworkCore.Query|Compiling query expression: 
'DbSet<Restaurant>()
    .Any()' 
2023-10-24 11:32:46.6826||DEBUG|Microsoft.EntityFrameworkCore.Query|Generated query execution expression: 
'queryContext => new SingleQueryingEnumerable<bool>(
    (RelationalQueryContext)queryContext, 
    RelationalCommandCache.QueryExpression(
        Projection Mapping:
            EmptyProjectionMember -> 0
        SELECT EXISTS (
            SELECT 1
            FROM Restaurants AS r)), 
    null, 
    Func<QueryContext, DbDataReader, ResultContext, SingleQueryResultCoordinator, bool>, 
    RestaurantAPI.Entities.RestaurantDbContext, 
    False, 
    False, 
    True
)
    .Single()' 
2023-10-24 11:32:46.6838||DEBUG|Microsoft.EntityFrameworkCore.Database.Command|Creating DbCommand for 'ExecuteReader'. 
2023-10-24 11:32:46.6838||DEBUG|Microsoft.EntityFrameworkCore.Database.Command|Created DbCommand for 'ExecuteReader' (0ms). 
2023-10-24 11:32:46.6838||DEBUG|Microsoft.EntityFrameworkCore.Database.Command|Initialized DbCommand for 'ExecuteReader' (0ms). 
2023-10-24 11:32:46.6838||DEBUG|Microsoft.EntityFrameworkCore.Database.Connection|Opening connection to database 'RestaurantDb' on server 'localhost'. 
2023-10-24 11:32:46.6838||DEBUG|Microsoft.EntityFrameworkCore.Database.Connection|Opened connection to database 'RestaurantDb' on server 'localhost'. 
2023-10-24 11:32:46.6838||DEBUG|Microsoft.EntityFrameworkCore.Database.Command|Executing DbCommand [Parameters=[], CommandType='Text', CommandTimeout='30']
SELECT CASE
    WHEN EXISTS (
        SELECT 1
        FROM [Restaurants] AS [r]) THEN CAST(1 AS bit)
    ELSE CAST(0 AS bit)
END 
2023-10-24 11:32:46.6922||INFO|Microsoft.EntityFrameworkCore.Database.Command|Executed DbCommand (8ms) [Parameters=[], CommandType='Text', CommandTimeout='30']
SELECT CASE
    WHEN EXISTS (
        SELECT 1
        FROM [Restaurants] AS [r]) THEN CAST(1 AS bit)
    ELSE CAST(0 AS bit)
END 
2023-10-24 11:32:46.6929||DEBUG|Microsoft.EntityFrameworkCore.Database.Command|Closing data reader to 'RestaurantDb' on server 'localhost'. 
2023-10-24 11:32:46.6929||DEBUG|Microsoft.EntityFrameworkCore.Database.Command|A data reader for 'RestaurantDb' on server 'localhost' is being disposed after spending 0ms reading results. 
2023-10-24 11:32:46.6929||DEBUG|Microsoft.EntityFrameworkCore.Database.Connection|Closing connection to database 'RestaurantDb' on server 'localhost'. 
2023-10-24 11:32:46.6929||DEBUG|Microsoft.EntityFrameworkCore.Database.Connection|Closed connection to database 'RestaurantDb' on server 'localhost' (0ms). 
2023-10-24 11:32:46.7533||DEBUG|Microsoft.AspNetCore.Mvc.ModelBinding.ModelBinderFactory|Registered model binder providers, in the following order: Microsoft.AspNetCore.Mvc.ModelBinding.Binders.BinderTypeModelBinderProvider, Microsoft.AspNetCore.Mvc.ModelBinding.Binders.ServicesModelBinderProvider, Microsoft.AspNetCore.Mvc.ModelBinding.Binders.BodyModelBinderProvider, Microsoft.AspNetCore.Mvc.ModelBinding.Binders.HeaderModelBinderProvider, Microsoft.AspNetCore.Mvc.ModelBinding.Binders.FloatingPointTypeModelBinderProvider, Microsoft.AspNetCore.Mvc.ModelBinding.Binders.EnumTypeModelBinderProvider, Microsoft.AspNetCore.Mvc.ModelBinding.Binders.DateTimeModelBinderProvider, Microsoft.AspNetCore.Mvc.ModelBinding.Binders.SimpleTypeModelBinderProvider, Microsoft.AspNetCore.Mvc.ModelBinding.Binders.TryParseModelBinderProvider, Microsoft.AspNetCore.Mvc.ModelBinding.Binders.CancellationTokenModelBinderProvider, Microsoft.AspNetCore.Mvc.ModelBinding.Binders.ByteArrayModelBinderProvider, Microsoft.AspNetCore.Mvc.ModelBinding.Binders.FormFileModelBinderProvider, Microsoft.AspNetCore.Mvc.ModelBinding.Binders.FormCollectionModelBinderProvider, Microsoft.AspNetCore.Mvc.ModelBinding.Binders.KeyValuePairModelBinderProvider, Microsoft.AspNetCore.Mvc.ModelBinding.Binders.DictionaryModelBinderProvider, Microsoft.AspNetCore.Mvc.ModelBinding.Binders.ArrayModelBinderProvider, Microsoft.AspNetCore.Mvc.ModelBinding.Binders.CollectionModelBinderProvider, Microsoft.AspNetCore.Mvc.ModelBinding.Binders.ComplexObjectModelBinderProvider 
2023-10-24 11:32:46.8344||DEBUG|Microsoft.EntityFrameworkCore.Infrastructure|'RestaurantDbContext' disposed. 
2023-10-24 11:32:46.8374||DEBUG|Microsoft.EntityFrameworkCore.Database.Connection|Disposing connection to database 'RestaurantDb' on server 'localhost'. 
2023-10-24 11:32:46.8393||DEBUG|Microsoft.EntityFrameworkCore.Database.Connection|Disposed connection to database '' on server '' (1ms). 
2023-10-24 11:32:47.0268||WARN|Microsoft.AspNetCore.Server.Kestrel.Core.KestrelServer|The ASP.NET Core developer certificate is not trusted. For information about trusting the ASP.NET Core developer certificate, see https://aka.ms/aspnet/https-trust-dev-cert. 
2023-10-24 11:32:47.0590||INFO|Microsoft.Hosting.Lifetime|Now listening on: https://localhost:5001 
2023-10-24 11:32:47.0594||INFO|Microsoft.Hosting.Lifetime|Now listening on: http://localhost:5000 
2023-10-24 11:32:47.0594||DEBUG|Microsoft.AspNetCore.Hosting.Diagnostics|Loaded hosting startup assembly RestaurantAPI 
2023-10-24 11:32:47.0655||INFO|Microsoft.Hosting.Lifetime|Application started. Press Ctrl+C to shut down. 
2023-10-24 11:32:47.0655||INFO|Microsoft.Hosting.Lifetime|Hosting environment: Development 
2023-10-24 11:32:47.0655||INFO|Microsoft.Hosting.Lifetime|Content root path: /home/kollibroman/LosoweProjekty/HackatonTraining/RestaurantAPI 
2023-10-24 11:32:47.0655||DEBUG|Microsoft.Extensions.Hosting.Internal.Host|Hosting started 
2023-10-24 11:32:51.0501||DEBUG|Microsoft.AspNetCore.Server.Kestrel.Connections|Connection id "0HMUKEGOJPL3F" accepted. 
2023-10-24 11:32:51.0539||DEBUG|Microsoft.AspNetCore.Server.Kestrel.Connections|Connection id "0HMUKEGOJPL3F" started. 
2023-10-24 11:32:51.1939||DEBUG|Microsoft.AspNetCore.Server.Kestrel.Https.Internal.HttpsConnectionMiddleware|Connection 0HMUKEGOJPL3F established using the following protocol: Tls13 
2023-10-24 11:32:51.2685||TRACE|Microsoft.AspNetCore.Server.Kestrel.Http2|Connection id "0HMUKEGOJPL3F" sending SETTINGS frame for stream ID 0 with length 24 and flags NONE. 
2023-10-24 11:32:51.2848||TRACE|Microsoft.AspNetCore.Server.Kestrel.Http2|Connection id "0HMUKEGOJPL3F" sending WINDOW_UPDATE frame for stream ID 0 with length 4 and flags 0x0. 
2023-10-24 11:32:51.2888||TRACE|Microsoft.AspNetCore.Server.Kestrel.Http2|Connection id "0HMUKEGOJPL3F" received SETTINGS frame for stream ID 0 with length 18 and flags NONE. 
2023-10-24 11:32:51.2935||TRACE|Microsoft.AspNetCore.Server.Kestrel.Http2|Connection id "0HMUKEGOJPL3F" sending SETTINGS frame for stream ID 0 with length 0 and flags ACK. 
2023-10-24 11:32:51.2982||TRACE|Microsoft.AspNetCore.Server.Kestrel.Http2|Connection id "0HMUKEGOJPL3F" received WINDOW_UPDATE frame for stream ID 0 with length 4 and flags 0x0. 
2023-10-24 11:32:51.2988||TRACE|Microsoft.AspNetCore.Server.Kestrel.Http2|Connection id "0HMUKEGOJPL3F" received PRIORITY frame for stream ID 3 with length 5 and flags 0x0. 
2023-10-24 11:32:51.2988||TRACE|Microsoft.AspNetCore.Server.Kestrel.Http2|Connection id "0HMUKEGOJPL3F" received PRIORITY frame for stream ID 5 with length 5 and flags 0x0. 
2023-10-24 11:32:51.2988||TRACE|Microsoft.AspNetCore.Server.Kestrel.Http2|Connection id "0HMUKEGOJPL3F" received PRIORITY frame for stream ID 7 with length 5 and flags 0x0. 
2023-10-24 11:32:51.2988||TRACE|Microsoft.AspNetCore.Server.Kestrel.Http2|Connection id "0HMUKEGOJPL3F" received PRIORITY frame for stream ID 9 with length 5 and flags 0x0. 
2023-10-24 11:32:51.2988||TRACE|Microsoft.AspNetCore.Server.Kestrel.Http2|Connection id "0HMUKEGOJPL3F" received PRIORITY frame for stream ID 11 with length 5 and flags 0x0. 
2023-10-24 11:32:51.2988||TRACE|Microsoft.AspNetCore.Server.Kestrel.Http2|Connection id "0HMUKEGOJPL3F" received PRIORITY frame for stream ID 13 with length 5 and flags 0x0. 
2023-10-24 11:32:51.2995||TRACE|Microsoft.AspNetCore.Server.Kestrel.Http2|Connection id "0HMUKEGOJPL3F" received HEADERS frame for stream ID 15 with length 318 and flags END_STREAM, END_HEADERS, PRIORITY. 
2023-10-24 11:32:51.3469||TRACE|Microsoft.AspNetCore.Server.Kestrel.Http2|Connection id "0HMUKEGOJPL3F" received WINDOW_UPDATE frame for stream ID 15 with length 4 and flags 0x0. 
2023-10-24 11:32:51.3504||TRACE|Microsoft.AspNetCore.Server.Kestrel.Http2|Connection id "0HMUKEGOJPL3F" received SETTINGS frame for stream ID 0 with length 0 and flags ACK. 
2023-10-24 11:32:51.3748||INFO|Microsoft.AspNetCore.Hosting.Diagnostics|Request starting HTTP/2 GET https://localhost:5001/ - - 
2023-10-24 11:32:51.3778||DEBUG|Microsoft.AspNetCore.HostFiltering.HostFilteringMiddleware|Wildcard detected, all requests with hosts will be allowed. 
2023-10-24 11:32:51.3778||TRACE|Microsoft.AspNetCore.HostFiltering.HostFilteringMiddleware|All hosts are allowed. 
2023-10-24 11:32:51.3883||INFO|Microsoft.AspNetCore.ResponseCaching.ResponseCachingMiddleware|No cached response available for this request. 
2023-10-24 11:32:51.3964||DEBUG|Microsoft.AspNetCore.StaticFiles.StaticFileMiddleware|The request path / does not match a supported file type 
2023-10-24 11:32:51.4666||DEBUG|Microsoft.AspNetCore.Authentication.JwtBearer.JwtBearerHandler|AuthenticationScheme: Bearer was not authenticated. 
2023-10-24 11:32:51.5062||DEBUG|Microsoft.AspNetCore.StaticFiles.StaticFileMiddleware|The request path  does not match the path filter 
2023-10-24 11:32:51.5661||DEBUG|Microsoft.AspNetCore.Routing.Matching.DfaMatcher|No candidates found for the request path '/' 
2023-10-24 11:32:51.5669||DEBUG|Microsoft.AspNetCore.Routing.EndpointRoutingMiddleware|Request did not match any endpoints 
2023-10-24 11:32:51.5699||DEBUG|Microsoft.AspNetCore.ResponseCaching.ResponseCachingMiddleware|Response is not cacheable because it does not contain the 'public' cache directive. 
2023-10-24 11:32:51.5699||INFO|Microsoft.AspNetCore.ResponseCaching.ResponseCachingMiddleware|The response could not be cached for this request. 
2023-10-24 11:32:51.5749||INFO|Microsoft.AspNetCore.Hosting.Diagnostics|Request finished HTTP/2 GET https://localhost:5001/ - - - 404 0 - 203.5460ms 
2023-10-24 11:32:51.5749||TRACE|Microsoft.AspNetCore.Server.Kestrel.Http2|Connection id "0HMUKEGOJPL3F" sending HEADERS frame for stream ID 15 with length 45 and flags END_STREAM, END_HEADERS. 
2023-10-24 11:32:52.1935||TRACE|Microsoft.AspNetCore.Server.Kestrel.Http2|Connection id "0HMUKEGOJPL3F" received HEADERS frame for stream ID 17 with length 92 and flags END_STREAM, END_HEADERS, PRIORITY. 
2023-10-24 11:32:52.2009||TRACE|Microsoft.AspNetCore.Server.Kestrel.Http2|Connection id "0HMUKEGOJPL3F" received WINDOW_UPDATE frame for stream ID 17 with length 4 and flags 0x0. 
2023-10-24 11:32:52.2009||TRACE|Microsoft.AspNetCore.Server.Kestrel.Http2|Connection id "0HMUKEGOJPL3F" received RST_STREAM frame for stream ID 17 with length 4 and flags 0x0. 
2023-10-24 11:32:52.2042||INFO|Microsoft.AspNetCore.Hosting.Diagnostics|Request starting HTTP/2 GET https://localhost:5001/favicon.ico - - 
2023-10-24 11:32:52.2051||TRACE|Microsoft.AspNetCore.HostFiltering.HostFilteringMiddleware|All hosts are allowed. 
2023-10-24 11:32:52.2065||INFO|Microsoft.AspNetCore.ResponseCaching.ResponseCachingMiddleware|No cached response available for this request. 
2023-10-24 11:32:52.2094||DEBUG|Microsoft.AspNetCore.StaticFiles.StaticFileMiddleware|The request path /favicon.ico does not match an existing file 
2023-10-24 11:32:52.2167||DEBUG|Microsoft.AspNetCore.Authentication.JwtBearer.JwtBearerHandler|AuthenticationScheme: Bearer was not authenticated. 
2023-10-24 11:32:52.2196||DEBUG|Microsoft.AspNetCore.StaticFiles.StaticFileMiddleware|The request path  does not match the path filter 
2023-10-24 11:32:52.2230||DEBUG|Microsoft.AspNetCore.Routing.Matching.DfaMatcher|No candidates found for the request path '/favicon.ico' 
2023-10-24 11:32:52.2230||DEBUG|Microsoft.AspNetCore.Routing.EndpointRoutingMiddleware|Request did not match any endpoints 
2023-10-24 11:32:52.2239||DEBUG|Microsoft.AspNetCore.ResponseCaching.ResponseCachingMiddleware|Response is not cacheable because it does not contain the 'public' cache directive. 
2023-10-24 11:32:52.2239||INFO|Microsoft.AspNetCore.ResponseCaching.ResponseCachingMiddleware|The response could not be cached for this request. 
2023-10-24 11:32:52.2247||INFO|Microsoft.AspNetCore.Hosting.Diagnostics|Request finished HTTP/2 GET https://localhost:5001/favicon.ico - - - 0 - - 20.4482ms 
2023-10-24 11:33:00.0102||TRACE|Microsoft.AspNetCore.Server.Kestrel.Http2|Connection id "0HMUKEGOJPL3F" received HEADERS frame for stream ID 19 with length 30 and flags END_STREAM, END_HEADERS, PRIORITY. 
2023-10-24 11:33:00.0113||TRACE|Microsoft.AspNetCore.Server.Kestrel.Http2|Connection id "0HMUKEGOJPL3F" received WINDOW_UPDATE frame for stream ID 19 with length 4 and flags 0x0. 
2023-10-24 11:33:00.0120||INFO|Microsoft.AspNetCore.Hosting.Diagnostics|Request starting HTTP/2 GET https://localhost:5001/swagger/ - - 
2023-10-24 11:33:00.0120||TRACE|Microsoft.AspNetCore.HostFiltering.HostFilteringMiddleware|All hosts are allowed. 
2023-10-24 11:33:00.0120||INFO|Microsoft.AspNetCore.ResponseCaching.ResponseCachingMiddleware|No cached response available for this request. 
2023-10-24 11:33:00.0128||DEBUG|Microsoft.AspNetCore.StaticFiles.StaticFileMiddleware|The request path /swagger/ does not match a supported file type 
2023-10-24 11:33:00.0235||DEBUG|Microsoft.AspNetCore.Authentication.JwtBearer.JwtBearerHandler|AuthenticationScheme: Bearer was not authenticated. 
2023-10-24 11:33:00.0257||DEBUG|Microsoft.AspNetCore.ResponseCaching.ResponseCachingMiddleware|Response is not cacheable because it does not contain the 'public' cache directive. 
2023-10-24 11:33:00.0257||INFO|Microsoft.AspNetCore.ResponseCaching.ResponseCachingMiddleware|The response could not be cached for this request. 
2023-10-24 11:33:00.0265||INFO|Microsoft.AspNetCore.Hosting.Diagnostics|Request finished HTTP/2 GET https://localhost:5001/swagger/ - - - 301 0 - 14.4943ms 
2023-10-24 11:33:00.0265||TRACE|Microsoft.AspNetCore.Server.Kestrel.Http2|Connection id "0HMUKEGOJPL3F" sending HEADERS frame for stream ID 19 with length 53 and flags END_STREAM, END_HEADERS. 
2023-10-24 11:33:00.0505||TRACE|Microsoft.AspNetCore.Server.Kestrel.Http2|Connection id "0HMUKEGOJPL3F" received HEADERS frame for stream ID 21 with length 37 and flags END_STREAM, END_HEADERS, PRIORITY. 
2023-10-24 11:33:00.0505||TRACE|Microsoft.AspNetCore.Server.Kestrel.Http2|Connection id "0HMUKEGOJPL3F" received WINDOW_UPDATE frame for stream ID 21 with length 4 and flags 0x0. 
2023-10-24 11:33:00.0505||INFO|Microsoft.AspNetCore.Hosting.Diagnostics|Request starting HTTP/2 GET https://localhost:5001/swagger/index.html - - 
2023-10-24 11:33:00.0514||TRACE|Microsoft.AspNetCore.HostFiltering.HostFilteringMiddleware|All hosts are allowed. 
2023-10-24 11:33:00.0514||INFO|Microsoft.AspNetCore.ResponseCaching.ResponseCachingMiddleware|No cached response available for this request. 
2023-10-24 11:33:00.0514||DEBUG|Microsoft.AspNetCore.StaticFiles.StaticFileMiddleware|The request path /swagger/index.html does not match an existing file 
2023-10-24 11:33:00.0514||DEBUG|Microsoft.AspNetCore.Authentication.JwtBearer.JwtBearerHandler|AuthenticationScheme: Bearer was not authenticated. 
2023-10-24 11:33:00.2239||DEBUG|Microsoft.AspNetCore.ResponseCaching.ResponseCachingMiddleware|Response is not cacheable because it does not contain the 'public' cache directive. 
2023-10-24 11:33:00.2244||TRACE|Microsoft.AspNetCore.Server.Kestrel.Http2|Connection id "0HMUKEGOJPL3F" sending HEADERS frame for stream ID 21 with length 28 and flags END_HEADERS. 
2023-10-24 11:33:00.2325||TRACE|Microsoft.AspNetCore.Server.Kestrel.Http2|Connection id "0HMUKEGOJPL3F" sending DATA frame for stream ID 21 with length 4096 and flags NONE. 
2023-10-24 11:33:00.2385||TRACE|Microsoft.AspNetCore.Server.Kestrel.Http2|Connection id "0HMUKEGOJPL3F" sending DATA frame for stream ID 21 with length 659 and flags NONE. 
2023-10-24 11:33:00.2421||INFO|Microsoft.AspNetCore.ResponseCaching.ResponseCachingMiddleware|The response could not be cached for this request. 
2023-10-24 11:33:00.2424||TRACE|Microsoft.AspNetCore.Server.Kestrel.Http2|Connection id "0HMUKEGOJPL3F" sending DATA frame for stream ID 21 with length 0 and flags END_STREAM. 
2023-10-24 11:33:00.2424||INFO|Microsoft.AspNetCore.Hosting.Diagnostics|Request finished HTTP/2 GET https://localhost:5001/swagger/index.html - - - 200 - text/html;charset=utf-8 191.0248ms 
2023-10-24 11:33:00.4172||TRACE|Microsoft.AspNetCore.Server.Kestrel.Http2|Connection id "0HMUKEGOJPL3F" received HEADERS frame for stream ID 23 with length 92 and flags END_STREAM, END_HEADERS, PRIORITY. 
2023-10-24 11:33:00.4176||TRACE|Microsoft.AspNetCore.Server.Kestrel.Http2|Connection id "0HMUKEGOJPL3F" received WINDOW_UPDATE frame for stream ID 23 with length 4 and flags 0x0. 
2023-10-24 11:33:00.4176||INFO|Microsoft.AspNetCore.Hosting.Diagnostics|Request starting HTTP/2 GET https://localhost:5001/swagger/swagger-ui.css - - 
2023-10-24 11:33:00.4176||TRACE|Microsoft.AspNetCore.HostFiltering.HostFilteringMiddleware|All hosts are allowed. 
2023-10-24 11:33:00.4176||INFO|Microsoft.AspNetCore.ResponseCaching.ResponseCachingMiddleware|No cached response available for this request. 
2023-10-24 11:33:00.4176||DEBUG|Microsoft.AspNetCore.StaticFiles.StaticFileMiddleware|The request path /swagger/swagger-ui.css does not match an existing file 
2023-10-24 11:33:00.4184||DEBUG|Microsoft.AspNetCore.Authentication.JwtBearer.JwtBearerHandler|AuthenticationScheme: Bearer was not authenticated. 
2023-10-24 11:33:00.4241||TRACE|Microsoft.AspNetCore.Server.Kestrel.Http2|Connection id "0HMUKEGOJPL3F" received RST_STREAM frame for stream ID 23 with length 4 and flags 0x0. 
2023-10-24 11:33:00.4294||TRACE|Microsoft.AspNetCore.StaticFiles.StaticFileMiddleware|Range header's value is empty. 
2023-10-24 11:33:00.4386||DEBUG|Microsoft.AspNetCore.StaticFiles.StaticFileMiddleware|The file transmission was cancelled System.OperationCanceledException: The operation was canceled.
   at System.Threading.CancellationToken.ThrowOperationCanceledException()
   at System.Threading.CancellationToken.ThrowIfCancellationRequested()
   at Microsoft.AspNetCore.Http.SendFileResponseExtensions.SendFileAsyncCore(HttpResponse response, IFileInfo file, Int64 offset, Nullable`1 count, CancellationToken cancellationToken)
   at Microsoft.AspNetCore.Http.SendFileResponseExtensions.SendFileAsyncCore(HttpResponse response, IFileInfo file, Int64 offset, Nullable`1 count, CancellationToken cancellationToken)
   at Microsoft.AspNetCore.StaticFiles.StaticFileContext.SendAsync()
2023-10-24 11:33:00.4602||INFO|Microsoft.AspNetCore.StaticFiles.StaticFileMiddleware|Sending file. Request path: '/swagger-ui.css'. Physical path: 'N/A' 
2023-10-24 11:33:00.4604||DEBUG|Microsoft.AspNetCore.ResponseCaching.ResponseCachingMiddleware|Response is not cacheable because it does not contain the 'public' cache directive. 
2023-10-24 11:33:00.4604||INFO|Microsoft.AspNetCore.ResponseCaching.ResponseCachingMiddleware|The response could not be cached for this request. 
2023-10-24 11:33:00.4604||INFO|Microsoft.AspNetCore.Hosting.Diagnostics|Request finished HTTP/2 GET https://localhost:5001/swagger/swagger-ui.css - - - 0 144929 text/css 42.8007ms 
2023-10-24 11:33:00.7177||TRACE|Microsoft.AspNetCore.Server.Kestrel.Http2|Connection id "0HMUKEGOJPL3F" received HEADERS frame for stream ID 25 with length 41 and flags END_STREAM, END_HEADERS, PRIORITY. 
2023-10-24 11:33:00.7177||TRACE|Microsoft.AspNetCore.Server.Kestrel.Http2|Connection id "0HMUKEGOJPL3F" received WINDOW_UPDATE frame for stream ID 25 with length 4 and flags 0x0. 
2023-10-24 11:33:00.7189||INFO|Microsoft.AspNetCore.Hosting.Diagnostics|Request starting HTTP/2 GET https://localhost:5001/swagger/favicon-16x16.png - - 
2023-10-24 11:33:00.7189||TRACE|Microsoft.AspNetCore.HostFiltering.HostFilteringMiddleware|All hosts are allowed. 
2023-10-24 11:33:00.7189||INFO|Microsoft.AspNetCore.ResponseCaching.ResponseCachingMiddleware|No cached response available for this request. 
2023-10-24 11:33:00.7189||TRACE|Microsoft.AspNetCore.Server.Kestrel.Http2|Connection id "0HMUKEGOJPL3F" received RST_STREAM frame for stream ID 25 with length 4 and flags 0x0. 
2023-10-24 11:33:00.7197||DEBUG|Microsoft.AspNetCore.StaticFiles.StaticFileMiddleware|The request path /swagger/favicon-16x16.png does not match an existing file 
2023-10-24 11:33:00.7197||DEBUG|Microsoft.AspNetCore.Authentication.JwtBearer.JwtBearerHandler|AuthenticationScheme: Bearer was not authenticated. 
2023-10-24 11:33:00.7215||TRACE|Microsoft.AspNetCore.StaticFiles.StaticFileMiddleware|Range header's value is empty. 
2023-10-24 11:33:00.7233||DEBUG|Microsoft.AspNetCore.StaticFiles.StaticFileMiddleware|The file transmission was cancelled System.OperationCanceledException: The operation was canceled.
   at System.Threading.CancellationToken.ThrowOperationCanceledException()
   at System.Threading.CancellationToken.ThrowIfCancellationRequested()
   at Microsoft.AspNetCore.Http.SendFileResponseExtensions.SendFileAsyncCore(HttpResponse response, IFileInfo file, Int64 offset, Nullable`1 count, CancellationToken cancellationToken)
   at Microsoft.AspNetCore.Http.SendFileResponseExtensions.SendFileAsyncCore(HttpResponse response, IFileInfo file, Int64 offset, Nullable`1 count, CancellationToken cancellationToken)
   at Microsoft.AspNetCore.StaticFiles.StaticFileContext.SendAsync()
2023-10-24 11:33:00.7242||INFO|Microsoft.AspNetCore.StaticFiles.StaticFileMiddleware|Sending file. Request path: '/favicon-16x16.png'. Physical path: 'N/A' 
2023-10-24 11:33:00.7244||DEBUG|Microsoft.AspNetCore.ResponseCaching.ResponseCachingMiddleware|Response is not cacheable because it does not contain the 'public' cache directive. 
2023-10-24 11:33:00.7244||INFO|Microsoft.AspNetCore.ResponseCaching.ResponseCachingMiddleware|The response could not be cached for this request. 
2023-10-24 11:33:00.7244||INFO|Microsoft.AspNetCore.Hosting.Diagnostics|Request finished HTTP/2 GET https://localhost:5001/swagger/favicon-16x16.png - - - 0 665 image/png 5.7800ms 
2023-10-24 11:33:00.8343||TRACE|Microsoft.AspNetCore.Server.Kestrel.Http2|Connection id "0HMUKEGOJPL3F" received HEADERS frame for stream ID 27 with length 68 and flags END_STREAM, END_HEADERS, PRIORITY. 
2023-10-24 11:33:00.8348||TRACE|Microsoft.AspNetCore.Server.Kestrel.Http2|Connection id "0HMUKEGOJPL3F" received WINDOW_UPDATE frame for stream ID 27 with length 4 and flags 0x0. 
2023-10-24 11:33:00.8348||INFO|Microsoft.AspNetCore.Hosting.Diagnostics|Request starting HTTP/2 GET https://localhost:5001/swagger/v1/swagger.json - - 
2023-10-24 11:33:00.8348||TRACE|Microsoft.AspNetCore.HostFiltering.HostFilteringMiddleware|All hosts are allowed. 
2023-10-24 11:33:00.8348||INFO|Microsoft.AspNetCore.ResponseCaching.ResponseCachingMiddleware|No cached response available for this request. 
2023-10-24 11:33:00.8355||DEBUG|Microsoft.AspNetCore.StaticFiles.StaticFileMiddleware|The request path /swagger/v1/swagger.json does not match an existing file 
2023-10-24 11:33:00.8355||DEBUG|Microsoft.AspNetCore.Authentication.JwtBearer.JwtBearerHandler|AuthenticationScheme: Bearer was not authenticated. 
2023-10-24 11:33:01.1276||DEBUG|Microsoft.AspNetCore.ResponseCaching.ResponseCachingMiddleware|Response is not cacheable because it does not contain the 'public' cache directive. 
2023-10-24 11:33:01.1276||TRACE|Microsoft.AspNetCore.Server.Kestrel.Http2|Connection id "0HMUKEGOJPL3F" sending HEADERS frame for stream ID 27 with length 65 and flags END_HEADERS. 
2023-10-24 11:33:01.1276||TRACE|Microsoft.AspNetCore.Server.Kestrel.Http2|Connection id "0HMUKEGOJPL3F" sending DATA frame for stream ID 27 with length 4096 and flags NONE. 
2023-10-24 11:33:01.1285||TRACE|Microsoft.AspNetCore.Server.Kestrel.Http2|Connection id "0HMUKEGOJPL3F" sending DATA frame for stream ID 27 with length 4096 and flags NONE. 
2023-10-24 11:33:01.1285||TRACE|Microsoft.AspNetCore.Server.Kestrel.Http2|Connection id "0HMUKEGOJPL3F" sending DATA frame for stream ID 27 with length 4096 and flags NONE. 
2023-10-24 11:33:01.1295||TRACE|Microsoft.AspNetCore.Server.Kestrel.Http2|Connection id "0HMUKEGOJPL3F" sending DATA frame for stream ID 27 with length 4096 and flags NONE. 
2023-10-24 11:33:01.1295||TRACE|Microsoft.AspNetCore.Server.Kestrel.Http2|Connection id "0HMUKEGOJPL3F" sending DATA frame for stream ID 27 with length 1068 and flags NONE. 
2023-10-24 11:33:01.1400||INFO|Microsoft.AspNetCore.ResponseCaching.ResponseCachingMiddleware|The response could not be cached for this request. 
2023-10-24 11:33:01.1418||TRACE|Microsoft.AspNetCore.Server.Kestrel.Http2|Connection id "0HMUKEGOJPL3F" sending DATA frame for stream ID 27 with length 0 and flags END_STREAM. 
2023-10-24 11:33:01.1418||INFO|Microsoft.AspNetCore.Hosting.Diagnostics|Request finished HTTP/2 GET https://localhost:5001/swagger/v1/swagger.json - - - 200 - application/json;charset=utf-8 306.8006ms 
2023-10-24 11:33:59.9171||TRACE|Microsoft.AspNetCore.Server.Kestrel.Http2|Connection id "0HMUKEGOJPL3F" received PING frame for stream ID 0 with length 8 and flags NONE. 
2023-10-24 11:33:59.9175||TRACE|Microsoft.AspNetCore.Server.Kestrel.Http2|Connection id "0HMUKEGOJPL3F" sending PING frame for stream ID 0 with length 8 and flags ACK. 
2023-10-24 11:34:31.3399||INFO|Microsoft.Hosting.Lifetime|Application is shutting down... 
2023-10-24 11:34:31.3431||DEBUG|Microsoft.Extensions.Hosting.Internal.Host|Hosting stopping 
2023-10-24 11:34:31.3707||DEBUG|Microsoft.AspNetCore.Server.Kestrel.Http2|Connection id "0HMUKEGOJPL3F" is closing. 
2023-10-24 11:34:31.3707||DEBUG|Microsoft.AspNetCore.Server.Kestrel.Http2|Connection id "0HMUKEGOJPL3F" is closed. The last processed stream ID was 27. 
2023-10-24 11:34:31.3707||TRACE|Microsoft.AspNetCore.Server.Kestrel.Http2|Connection id "0HMUKEGOJPL3F" sending GOAWAY frame for stream ID 0 with length 8 and flags 0x0. 
2023-10-24 11:34:31.3724||DEBUG|Microsoft.AspNetCore.Server.Kestrel.Transport.Sockets|Connection id "0HMUKEGOJPL3F" received FIN. 
2023-10-24 11:34:31.3743||DEBUG|Microsoft.AspNetCore.Server.Kestrel.Transport.Sockets|Connection id "0HMUKEGOJPL3F" sending FIN because: "The Socket transport's send loop completed gracefully." 
2023-10-24 11:34:31.3782||DEBUG|Microsoft.AspNetCore.Server.Kestrel.Http2|The connection queue processing loop for 0HMUKEGOJPL3F completed. 
2023-10-24 11:34:31.3881||DEBUG|Microsoft.AspNetCore.Server.Kestrel.Connections|Connection id "0HMUKEGOJPL3F" stopped. 
2023-10-24 11:34:31.3964||DEBUG|Microsoft.Extensions.Hosting.Internal.Host|Hosting stopped 
